03:09:2021 15:29:55 PM - [Thread:main] - [INFO] - tfsIntegration.TfsWebServices.getWorkItemDetails : https://dev.azure.com/2020Development/_apis/wit/workitems/294264?api-version=5.1
03:09:2021 15:29:57 PM - [Thread:main] - [INFO] - tfsIntegration.TfsWebServices.getWorkItemDetails : InboundJaxrsResponse{context=ClientResponse{method=GET, uri=https://dev.azure.com/2020Development/_apis/wit/workitems/294264?api-version=5.1, status=203, reason=Non-Authoritative Information}}
03:09:2021 15:29:57 PM - [Thread:main] - [INFO] - tfsIntegration.TfsWebServices.getWorkItemDetails : 203
03:09:2021 15:29:57 PM - [Thread:main] - [INFO] - tfsIntegration.TfsWebServices.getWorkItemDetails : false
03:09:2021 15:29:57 PM - [Thread:main] - [INFO] - tfsIntegration.TfsWebServices.getWorkItemDetails : 

<!DOCTYPE html PUBLIC "-//W3C//DTD XHTML 1.0 Strict//EN" "http://www.w3.org/TR/xhtml1/DTD/xhtml1-strict.dtd">

    
    

<html lang="en-US">
<head><title>
	
            Azure DevOps Services | Sign In
        
</title><meta http-equiv="X-UA-Compatible" content="IE=11;&#32;IE=10;&#32;IE=9;&#32;IE=8" />
    <link rel="SHORTCUT ICON" href="/favicon.ico"/>

    <link data-bundlelength="508992" data-bundlename="commoncss" data-highcontrast="/_static/tfs/M183_20210225.1/_cssbundles/HighContrast/vss-bundle-commoncss-v6u3Ge4AQ3uP84WaM1_W6QGvjulv0ohK4twlMPGNhjUY=" data-includedstyles="jQueryUI-Modified;Core;Splitter;PivotView" href="/_static/tfs/M183_20210225.1/_cssbundles/Default/vss-bundle-commoncss-vHQmPgPp5spmzbH-BlYoXG_Hn35TPVL28elmFhmVVmDU=" rel="stylesheet" />
<link data-bundlelength="116298" data-bundlename="viewcss" data-highcontrast="/_static/tfs/M183_20210225.1/_cssbundles/HighContrast/vss-bundle-viewcss-vtfMnrmJMJV2boj-Fa92RIMxY_zlsBBPAdos3V1rIXA4=" data-includedstyles="VSS.Controls" href="/_static/tfs/M183_20210225.1/_cssbundles/Default/vss-bundle-viewcss-v9YWu-gu1EsBKWCVDchwAqVtMik782dp5J3eM8pJXNoY=" rel="stylesheet" />

    <!--UxServices customizations -->
    
    <link href="/_static/tfs/M183_20210225.1/_content/Authentication.css" type="text/css" rel="stylesheet" />
    
</head>

<body class="platform">

    <script type="text/javascript"> var __vssPageContext = {"webContext":{"user":{"id":"aaaaaaaa-aaaa-aaaa-aaaa-aaaaaaaaaaaa","name":"Anonymous","email":"","uniqueName":"TEAM FOUNDATION\\Anonymous"},"host":{"id":"58732544-94a1-4693-a33d-53f6f4e257d2","name":"TEAM FOUNDATION","uri":"https://spsprodcca1.vssps.visualstudio.com/","relativeUri":"/","hostType":"deployment","scheme":"https","authority":"spsprodcca1.vssps.visualstudio.com"}},"moduleLoaderConfig":{"baseUrl":"/_static/tfs/M183_20210225.1/_scripts/TFS/min/","paths":{"Profile/Scripts/Resources":"en-US","VSS/Resources":"en-US","Account/Scripts/Resources":"en-US","UserManagement/Scripts/Resources":"en-US","Authentication/Scripts/Resources":"en-US"},"map":{},"contributionPaths":{"VSS":{"value":"/_static/tfs/M183_20210225.1/_scripts/TFS/min/VSS","pathType":"default"},"VSS/Resources":{"value":"en-US","pathType":"resource"},"q":{"value":"/_static/tfs/M183_20210225.1/_scripts/TFS/min/q","pathType":"default"},"knockout":{"value":"/_static/tfs/M183_20210225.1/_scripts/TFS/min/knockout","pathType":"default"},"mousetrap":{"value":"/_static/tfs/M183_20210225.1/_scripts/TFS/min/mousetrap","pathType":"default"},"mustache":{"value":"/_static/tfs/M183_20210225.1/_scripts/TFS/min/mustache","pathType":"default"},"react":{"value":"/_static/tfs/M183_20210225.1/_scripts/TFS/min/react.15.3","pathType":"default"},"react-dom":{"value":"/_static/tfs/M183_20210225.1/_scripts/TFS/min/react-dom.15.3","pathType":"default"},"react-transition-group":{"value":"/_static/tfs/M183_20210225.1/_scripts/TFS/min/react-transition-group.15.3","pathType":"default"},"jQueryUI":{"value":"/_static/tfs/M183_20210225.1/_scripts/TFS/min/jQueryUI","pathType":"default"},"jquery":{"value":"/_static/tfs/M183_20210225.1/_scripts/TFS/min/jquery","pathType":"default"},"OfficeFabric":{"value":"/_static/tfs/M183_20210225.1/_scripts/TFS/min/OfficeFabric","pathType":"default"},"tslib":{"value":"/_static/tfs/M183_20210225.1/_scripts/TFS/min/tslib","pathType":"default"},"@uifabric":{"value":"/_static/tfs/M183_20210225.1/_scripts/TFS/min/@uifabric","pathType":"default"},"VSSUI":{"value":"/_static/tfs/M183_20210225.1/_scripts/TFS/min/VSSUI","pathType":"default"}},"shim":{"jquery":{"deps":[],"exports":"jQuery"}},"waitSeconds":30},"coreReferences":{"stylesheets":[{"url":"/_static/tfs/M183_20210225.1/_cssbundles/Default/vss-bundle-ext-core-css-vNmgDWCLCX0sHlt44FFqt9QrKVBLhz4rqsgP12zXSp8g=","highContrastUrl":null,"isCoreStylesheet":true}],"scripts":[{"identifier":"JQuery","url":"/_static/3rdParty/_scripts/jquery-2.2.4.min.js","fallbackUrl":null,"fallbackCondition":null,"isCoreModule":true},{"identifier":"JQueryXDomain","url":"/_static/3rdParty/_scripts/jquery.xdomainrequest.min.js","fallbackUrl":null,"fallbackCondition":null,"isCoreModule":true},{"identifier":"Promise","url":"/_static/tfs/M183_20210225.1/_scripts/TFS/min/promise.js","fallbackUrl":null,"fallbackCondition":null,"isCoreModule":true},{"identifier":"GlobalScripts","url":"/_static/tfs/M183_20210225.1/_scripts/TFS/min/global-scripts.js","fallbackUrl":null,"fallbackCondition":null,"isCoreModule":true},{"identifier":"LoaderFixes","url":"/_static/tfs/M183_20210225.1/_scripts/TFS/pre-loader-shim.min.js","fallbackUrl":null,"fallbackCondition":null,"isCoreModule":false},{"identifier":"AMDLoader","url":"/_static/3rdParty/_scripts/require.min.js","fallbackUrl":null,"fallbackCondition":null,"isCoreModule":true},{"identifier":"LoaderFixes","url":"/_static/tfs/M183_20210225.1/_scripts/TFS/post-loader-shim.min.js","fallbackUrl":null,"fallbackCondition":null,"isCoreModule":false}],"coreScriptsBundle":{"identifier":"CoreBundle","url":"/_public/_Bundling/Content?bundle=vss-bundle-basejs-v9GpWWBnsWqhM23ijhK2HfAqLowTXGUqZLDRsBCZbkfY=","fallbackUrl":null,"fallbackCondition":null,"isCoreModule":true},"extensionCoreReferences":{"identifier":"CoreBundle","url":"/_public/_Bundling/Content?bundle=vss-bundle-ext-core-vsNJx8ypQuBWNwKzRW_9nV4pDw4J8h928hV1LG5CIPF8=","fallbackUrl":null,"fallbackCondition":null,"isCoreModule":true}},"webAccessConfiguration":{"isHosted":true,"paths":{"rootPath":"/","staticContentRootPath":"/","staticContentVersion":"M183_20210225.1","resourcesPath":"/_static/tfs/M183_20210225.1/_content/","staticRootTfs":"/_static/tfs/M183_20210225.1/","cdnFallbackStaticRootTfs":"/_static/tfs/M183_20210225.1/","staticRoot3rdParty":"/_static/3rdParty/"},"api":{"webApiVersion":"1","areaPrefix":"_","controllerPrefix":""},"mailSettings":{"enabled":false},"registryItems":{}},"microsoftAjaxConfig":{"cultureInfo":{"name":"en-US","numberFormat":{"CurrencyDecimalDigits":2,"CurrencyDecimalSeparator":".","IsReadOnly":true,"CurrencyGroupSizes":[3],"NumberGroupSizes":[3],"PercentGroupSizes":[3],"CurrencyGroupSeparator":",","CurrencySymbol":"$","NaNSymbol":"NaN","CurrencyNegativePattern":0,"NumberNegativePattern":1,"PercentPositivePattern":1,"PercentNegativePattern":1,"NegativeInfinitySymbol":"-∞","NegativeSign":"-","NumberDecimalDigits":2,"NumberDecimalSeparator":".","NumberGroupSeparator":",","CurrencyPositivePattern":0,"PositiveInfinitySymbol":"∞","PositiveSign":"+","PercentDecimalDigits":2,"PercentDecimalSeparator":".","PercentGroupSeparator":",","PercentSymbol":"%","PerMilleSymbol":"‰","NativeDigits":["0","1","2","3","4","5","6","7","8","9"],"DigitSubstitution":1},"dateTimeFormat":{"AMDesignator":"AM","Calendar":{"MinSupportedDateTime":"0001-01-01T00:00:00","MaxSupportedDateTime":"9999-12-31T23:59:59.9999999","AlgorithmType":1,"CalendarType":1,"Eras":[1],"TwoDigitYearMax":2029,"IsReadOnly":true},"DateSeparator":"/","FirstDayOfWeek":0,"CalendarWeekRule":0,"FullDateTimePattern":"dddd, MMMM d, yyyy h:mm:ss tt","LongDatePattern":"dddd, MMMM d, yyyy","LongTimePattern":"h:mm:ss tt","MonthDayPattern":"MMMM d","PMDesignator":"PM","RFC1123Pattern":"ddd, dd MMM yyyy HH':'mm':'ss 'GMT'","ShortDatePattern":"M/d/yyyy","ShortTimePattern":"h:mm tt","SortableDateTimePattern":"yyyy'-'MM'-'dd'T'HH':'mm':'ss","TimeSeparator":":","UniversalSortableDateTimePattern":"yyyy'-'MM'-'dd HH':'mm':'ss'Z'","YearMonthPattern":"MMMM yyyy","AbbreviatedDayNames":["Sun","Mon","Tue","Wed","Thu","Fri","Sat"],"ShortestDayNames":["Su","Mo","Tu","We","Th","Fr","Sa"],"DayNames":["Sunday","Monday","Tuesday","Wednesday","Thursday","Friday","Saturday"],"AbbreviatedMonthNames":["Jan","Feb","Mar","Apr","May","Jun","Jul","Aug","Sep","Oct","Nov","Dec",""],"MonthNames":["January","February","March","April","May","June","July","August","September","October","November","December",""],"IsReadOnly":true,"NativeCalendarName":"Gregorian Calendar","AbbreviatedMonthGenitiveNames":["Jan","Feb","Mar","Apr","May","Jun","Jul","Aug","Sep","Oct","Nov","Dec",""],"MonthGenitiveNames":["January","February","March","April","May","June","July","August","September","October","November","December",""]},"numberShortForm":{"QuantitySymbols":["K","M","B"],"NumberGroupSize":1000,"ThousandSymbol":"K"},"eras":null}},"timeZonesConfiguration":{},"featureAvailability":{"featureStates":{"VisualStudio.Services.Contribution.EnableOnPremUnsecureBrowsers":false,"VisualStudio.Service.WebPlatform.ClientErrorReporting":false,"Microsoft.VisualStudio.Services.Gallery.Client.UseCdnAssetUri":false,"VisualStudio.Services.WebAccess.SubresourceIntegrity":false,"VisualStudio.Services.IdentityPicker.ReactProfileCard":true}},"appInsightsConfiguration":{"enabled":false,"instrumentationKey":"00000000-0000-0000-0000-000000000000","insightsScriptUrl":null},"diagnostics":{"sessionId":"e7be2ff0-d5db-4345-8ed7-05c348747580","activityId":"e7be2ff0-d5db-4345-8ed7-05c348747580","bundlingEnabled":true,"webPlatformVersion":"M183","serviceVersion":"Dev18.M183.1 (build: AzureDevOps_M183_20210225.1)"},"navigation":{"topMostLevel":"deployment","area":"","currentController":"Signin","currentAction":"Index","routeId":"LegacyWebAccessRoute","routeValues":{"controller":"Signin","action":"Index"}},"globalization":{"explicitTheme":"","theme":"Default","culture":"en-US","timezoneOffset":0,"timeZoneId":"UTC"},"serviceInstanceId":"951917ac-a960-4999-8464-e3f0aa25b381","hubsContext":{},"serviceLocations":{"locations":{"951917ac-a960-4999-8464-e3f0aa25b381":{"Application":"https://spsprodcca1.vssps.visualstudio.com/","Deployment":"https://spsprodcca1.vssps.visualstudio.com/"}}}};</script><script type="text/javascript"> var __cultureInfo = __vssPageContext.microsoftAjaxConfig.cultureInfo;</script>
<script type="text/javascript">if (window.performance && window.performance.mark) { window.performance.mark('startLoadBundleOuter-basejs'); }</script>
<script data-bundlelength="125076" data-bundlename="basejs" src="/_public/_Bundling/Content?bundle=vss-bundle-basejs-v9GpWWBnsWqhM23ijhK2HfAqLowTXGUqZLDRsBCZbkfY=" type="text/javascript"></script>
<script type="text/javascript">if (window.performance && window.performance.mark) { window.performance.mark('endLoadBundleOuter-basejs'); }</script>


<script type="text/javascript"> require.config(__vssPageContext.moduleLoaderConfig);</script>

    <input name="__RequestVerificationToken" type="hidden" value="odiIQ8h5DO-UlHT-cbzRl5f1jGwLzKgsBESN7gF_nQocUnOShns8tePdTn9hLmRsPRfoHoWnHwnyiumw8PtvWn8V1iM1" /><input name="__RequestVerificationToken2" type="hidden" value="__RequestVerificationToken215e30aae-1da2-4881-b96b-be7aafeebe75" />
    
    


    
    
    <div class="account signin main-container hide">


            <div class="page-content">
                <div class="header-section" role="banner">
                    

                    <link rel="stylesheet" type="text/css" href="/_static/tfs/M183_20210225.1/_content/Combined.css">
                    <div id="ux-header" class="FF ltr vsIntegrate" xmlns="http://www.w3.org/1999/xhtml">
                        <span id="isMobile"></span>
                        <div class="upperBand">
                            <div class="upperBandContent">
                                <div class="left"></div>
                                <div class="right">
                                    <div class="profileImage"></div>

                                    <div id="signIn">
                                        <a class=":SignedOutProfileElement: createProfileLink" href="/go/profile" title="Anonymous">Anonymous</a>
                                        <a class="scarabLink" href="/_signout">Sign out</a>
                                    </div>
                                </div>
                                <div class="clear-both"></div>
                            </div>
                        </div>
                    </div>
                </div>
                <div class="content-section" role="main">
                    
    
            <div class="signin-main-content">
                <noscript>
                    <span class="error">Microsoft Internet Explorer&#39;s Enhanced Security Configuration is currently enabled on your environment. This enhanced level of security prevents our web integration experiences from displaying or performing correctly. To continue with your operation please disable this configuration or contact your administrator.</span>
                </noscript>
                <div class="provider-control">                    
                    <script class="options" defer="defer" type="application/json">{"providerOptions":{"force":false,"orgIdAuthUrl":"https://login.microsoftonline.com/53244bbe-ee09-4ab0-9f7f-a4854b23a664/oauth2/authorize?client_id=499b84ac-1321-427f-aa17-267ca6975798\u0026site_id=501454\u0026response_mode=form_post\u0026response_type=code+id_token\u0026redirect_uri=https%3A%2F%2Fspsprodcca1.vssps.visualstudio.com%2F_signedin\u0026nonce=9ce8bd31-de08-4465-983f-c95990a7779e\u0026state=realm%3Ddev.azure.com%26reply_to%3Dhttps%253A%252F%252Fdev.azure.com%252F2020Development%252F_apis%252Fwit%252Fworkitems%252F294264%253Fapi-version%253D5.1%26ht%3D2%26hid%3D4a73c326-ffa6-465d-966d-b26921e86c10%26nonce%3D9ce8bd31-de08-4465-983f-c95990a7779e\u0026resource=https%3A%2F%2Fmanagement.core.windows.net%2F\u0026cid=9ce8bd31-de08-4465-983f-c95990a7779e\u0026wsucxt=1","user":null,"signInContext":"eyJodCI6MiwiaGlkIjoiMGExZGYxMDYtOTEwNS00YmFiLWFkN2ItMWUyYmE5ZjhhN2MzIiwicXMiOnsicmVhbG0iOiJkZXYuYXp1cmUuY29tIiwicmVwbHlfdG8iOiJodHRwczovL2Rldi5henVyZS5jb20vMjAyMERldmVsb3BtZW50L19hcGlzL3dpdC93b3JraXRlbXMvMjk0MjY0P2FwaS12ZXJzaW9uPTUuMSIsImh0IjoiMiIsImhpZCI6IjRhNzNjMzI2LWZmYTYtNDY1ZC05NjZkLWIyNjkyMWU4NmMxMCIsIm5vbmNlIjoiOWNlOGJkMzEtZGUwOC00NDY1LTk4M2YtYzk1OTkwYTc3NzllIn0sInJyIjoiIiwidmgiOiIiLCJjdiI6IiIsImNzIjoiIn01"}}</script>
                </div>
            </div>


                </div>
                 
    
    </div>


    
    

    <script type="text/javascript">if (window.performance && window.performance.mark) { window.performance.mark('startLoadBundleOuter-common'); }</script>
<script data-bundlelength="205400" data-bundlename="common" data-includedscripts="VSS/Bundling" src="/_public/_Bundling/Content?bundle=vss-bundle-common-vfN5xlLRUukkSBg08hZuFahTJyI3PipyUrn9gnunMNlo=" type="text/javascript"></script>
<script type="text/javascript">if (window.performance && window.performance.mark) { window.performance.mark('endLoadBundleOuter-common'); }</script>
<script type="text/javascript">if (window.performance && window.performance.mark) { window.performance.mark('startLoadBundleOuter-view'); }</script>
<script data-bundlelength="157474" data-bundlename="view" data-includedscripts="Authentication/Scripts/SPS.Authentication.Controls;Authentication/Scripts/SPS.Authentication" src="/_public/_Bundling/Content?bundle=vss-bundle-view-vqohsmcMPUiFhKa8xHNsNn0bH4Z0dhpwMPOXdgEdDUHw=" type="text/javascript"></script>
<script type="text/javascript">if (window.performance && window.performance.mark) { window.performance.mark('endLoadBundleOuter-view'); }</script>

<script type="text/javascript"> if (window.performance && window.performance.mark) { window.performance.mark('requireStart'); }
require(["Authentication/Scripts/SPS.Authentication.Controls","Authentication/Scripts/SPS.Authentication"], function(){  if (window.performance && window.performance.mark) { window.performance.mark('requireEnd'); } window.requiredModulesLoaded=true;  });
</script>

</body>
</html>

03:09:2021 15:30:00 PM - [Thread:main] - [INFO] - tfsIntegration.TfsWebServices.getWorkItemDetails : https://dev.azure.com/2020Development/_apis/wit/workitems/294264?api-version=5.1
03:09:2021 15:30:01 PM - [Thread:main] - [INFO] - tfsIntegration.TfsWebServices.getWorkItemDetails : InboundJaxrsResponse{context=ClientResponse{method=GET, uri=https://dev.azure.com/2020Development/_apis/wit/workitems/294264?api-version=5.1, status=203, reason=Non-Authoritative Information}}
03:09:2021 15:30:01 PM - [Thread:main] - [INFO] - tfsIntegration.TfsWebServices.getWorkItemDetails : 203
03:09:2021 15:30:01 PM - [Thread:main] - [INFO] - tfsIntegration.TfsWebServices.getWorkItemDetails : false
03:09:2021 15:30:01 PM - [Thread:main] - [INFO] - tfsIntegration.TfsWebServices.getWorkItemDetails : 

<!DOCTYPE html PUBLIC "-//W3C//DTD XHTML 1.0 Strict//EN" "http://www.w3.org/TR/xhtml1/DTD/xhtml1-strict.dtd">

    
    

<html lang="en-US">
<head><title>
	
            Azure DevOps Services | Sign In
        
</title><meta http-equiv="X-UA-Compatible" content="IE=11;&#32;IE=10;&#32;IE=9;&#32;IE=8" />
    <link rel="SHORTCUT ICON" href="/favicon.ico"/>

    <link data-bundlelength="508992" data-bundlename="commoncss" data-highcontrast="/_static/tfs/M183_20210225.1/_cssbundles/HighContrast/vss-bundle-commoncss-v6u3Ge4AQ3uP84WaM1_W6QGvjulv0ohK4twlMPGNhjUY=" data-includedstyles="jQueryUI-Modified;Core;Splitter;PivotView" href="/_static/tfs/M183_20210225.1/_cssbundles/Default/vss-bundle-commoncss-vHQmPgPp5spmzbH-BlYoXG_Hn35TPVL28elmFhmVVmDU=" rel="stylesheet" />
<link data-bundlelength="116298" data-bundlename="viewcss" data-highcontrast="/_static/tfs/M183_20210225.1/_cssbundles/HighContrast/vss-bundle-viewcss-vtfMnrmJMJV2boj-Fa92RIMxY_zlsBBPAdos3V1rIXA4=" data-includedstyles="VSS.Controls" href="/_static/tfs/M183_20210225.1/_cssbundles/Default/vss-bundle-viewcss-v9YWu-gu1EsBKWCVDchwAqVtMik782dp5J3eM8pJXNoY=" rel="stylesheet" />

    <!--UxServices customizations -->
    
    <link href="/_static/tfs/M183_20210225.1/_content/Authentication.css" type="text/css" rel="stylesheet" />
    
</head>

<body class="platform">

    <script type="text/javascript"> var __vssPageContext = {"webContext":{"user":{"id":"aaaaaaaa-aaaa-aaaa-aaaa-aaaaaaaaaaaa","name":"Anonymous","email":"","uniqueName":"TEAM FOUNDATION\\Anonymous"},"host":{"id":"58732544-94a1-4693-a33d-53f6f4e257d2","name":"TEAM FOUNDATION","uri":"https://spsprodcca1.vssps.visualstudio.com/","relativeUri":"/","hostType":"deployment","scheme":"https","authority":"spsprodcca1.vssps.visualstudio.com"}},"moduleLoaderConfig":{"baseUrl":"/_static/tfs/M183_20210225.1/_scripts/TFS/min/","paths":{"Profile/Scripts/Resources":"en-US","VSS/Resources":"en-US","Account/Scripts/Resources":"en-US","UserManagement/Scripts/Resources":"en-US","Authentication/Scripts/Resources":"en-US"},"map":{},"contributionPaths":{"VSS":{"value":"/_static/tfs/M183_20210225.1/_scripts/TFS/min/VSS","pathType":"default"},"VSS/Resources":{"value":"en-US","pathType":"resource"},"q":{"value":"/_static/tfs/M183_20210225.1/_scripts/TFS/min/q","pathType":"default"},"knockout":{"value":"/_static/tfs/M183_20210225.1/_scripts/TFS/min/knockout","pathType":"default"},"mousetrap":{"value":"/_static/tfs/M183_20210225.1/_scripts/TFS/min/mousetrap","pathType":"default"},"mustache":{"value":"/_static/tfs/M183_20210225.1/_scripts/TFS/min/mustache","pathType":"default"},"react":{"value":"/_static/tfs/M183_20210225.1/_scripts/TFS/min/react.15.3","pathType":"default"},"react-dom":{"value":"/_static/tfs/M183_20210225.1/_scripts/TFS/min/react-dom.15.3","pathType":"default"},"react-transition-group":{"value":"/_static/tfs/M183_20210225.1/_scripts/TFS/min/react-transition-group.15.3","pathType":"default"},"jQueryUI":{"value":"/_static/tfs/M183_20210225.1/_scripts/TFS/min/jQueryUI","pathType":"default"},"jquery":{"value":"/_static/tfs/M183_20210225.1/_scripts/TFS/min/jquery","pathType":"default"},"OfficeFabric":{"value":"/_static/tfs/M183_20210225.1/_scripts/TFS/min/OfficeFabric","pathType":"default"},"tslib":{"value":"/_static/tfs/M183_20210225.1/_scripts/TFS/min/tslib","pathType":"default"},"@uifabric":{"value":"/_static/tfs/M183_20210225.1/_scripts/TFS/min/@uifabric","pathType":"default"},"VSSUI":{"value":"/_static/tfs/M183_20210225.1/_scripts/TFS/min/VSSUI","pathType":"default"}},"shim":{"jquery":{"deps":[],"exports":"jQuery"}},"waitSeconds":30},"coreReferences":{"stylesheets":[{"url":"/_static/tfs/M183_20210225.1/_cssbundles/Default/vss-bundle-ext-core-css-vNmgDWCLCX0sHlt44FFqt9QrKVBLhz4rqsgP12zXSp8g=","highContrastUrl":null,"isCoreStylesheet":true}],"scripts":[{"identifier":"JQuery","url":"/_static/3rdParty/_scripts/jquery-2.2.4.min.js","fallbackUrl":null,"fallbackCondition":null,"isCoreModule":true},{"identifier":"JQueryXDomain","url":"/_static/3rdParty/_scripts/jquery.xdomainrequest.min.js","fallbackUrl":null,"fallbackCondition":null,"isCoreModule":true},{"identifier":"Promise","url":"/_static/tfs/M183_20210225.1/_scripts/TFS/min/promise.js","fallbackUrl":null,"fallbackCondition":null,"isCoreModule":true},{"identifier":"GlobalScripts","url":"/_static/tfs/M183_20210225.1/_scripts/TFS/min/global-scripts.js","fallbackUrl":null,"fallbackCondition":null,"isCoreModule":true},{"identifier":"LoaderFixes","url":"/_static/tfs/M183_20210225.1/_scripts/TFS/pre-loader-shim.min.js","fallbackUrl":null,"fallbackCondition":null,"isCoreModule":false},{"identifier":"AMDLoader","url":"/_static/3rdParty/_scripts/require.min.js","fallbackUrl":null,"fallbackCondition":null,"isCoreModule":true},{"identifier":"LoaderFixes","url":"/_static/tfs/M183_20210225.1/_scripts/TFS/post-loader-shim.min.js","fallbackUrl":null,"fallbackCondition":null,"isCoreModule":false}],"coreScriptsBundle":{"identifier":"CoreBundle","url":"/_public/_Bundling/Content?bundle=vss-bundle-basejs-v9GpWWBnsWqhM23ijhK2HfAqLowTXGUqZLDRsBCZbkfY=","fallbackUrl":null,"fallbackCondition":null,"isCoreModule":true},"extensionCoreReferences":{"identifier":"CoreBundle","url":"/_public/_Bundling/Content?bundle=vss-bundle-ext-core-vsNJx8ypQuBWNwKzRW_9nV4pDw4J8h928hV1LG5CIPF8=","fallbackUrl":null,"fallbackCondition":null,"isCoreModule":true}},"webAccessConfiguration":{"isHosted":true,"paths":{"rootPath":"/","staticContentRootPath":"/","staticContentVersion":"M183_20210225.1","resourcesPath":"/_static/tfs/M183_20210225.1/_content/","staticRootTfs":"/_static/tfs/M183_20210225.1/","cdnFallbackStaticRootTfs":"/_static/tfs/M183_20210225.1/","staticRoot3rdParty":"/_static/3rdParty/"},"api":{"webApiVersion":"1","areaPrefix":"_","controllerPrefix":""},"mailSettings":{"enabled":false},"registryItems":{}},"microsoftAjaxConfig":{"cultureInfo":{"name":"en-US","numberFormat":{"CurrencyDecimalDigits":2,"CurrencyDecimalSeparator":".","IsReadOnly":true,"CurrencyGroupSizes":[3],"NumberGroupSizes":[3],"PercentGroupSizes":[3],"CurrencyGroupSeparator":",","CurrencySymbol":"$","NaNSymbol":"NaN","CurrencyNegativePattern":0,"NumberNegativePattern":1,"PercentPositivePattern":1,"PercentNegativePattern":1,"NegativeInfinitySymbol":"-∞","NegativeSign":"-","NumberDecimalDigits":2,"NumberDecimalSeparator":".","NumberGroupSeparator":",","CurrencyPositivePattern":0,"PositiveInfinitySymbol":"∞","PositiveSign":"+","PercentDecimalDigits":2,"PercentDecimalSeparator":".","PercentGroupSeparator":",","PercentSymbol":"%","PerMilleSymbol":"‰","NativeDigits":["0","1","2","3","4","5","6","7","8","9"],"DigitSubstitution":1},"dateTimeFormat":{"AMDesignator":"AM","Calendar":{"MinSupportedDateTime":"0001-01-01T00:00:00","MaxSupportedDateTime":"9999-12-31T23:59:59.9999999","AlgorithmType":1,"CalendarType":1,"Eras":[1],"TwoDigitYearMax":2029,"IsReadOnly":true},"DateSeparator":"/","FirstDayOfWeek":0,"CalendarWeekRule":0,"FullDateTimePattern":"dddd, MMMM d, yyyy h:mm:ss tt","LongDatePattern":"dddd, MMMM d, yyyy","LongTimePattern":"h:mm:ss tt","MonthDayPattern":"MMMM d","PMDesignator":"PM","RFC1123Pattern":"ddd, dd MMM yyyy HH':'mm':'ss 'GMT'","ShortDatePattern":"M/d/yyyy","ShortTimePattern":"h:mm tt","SortableDateTimePattern":"yyyy'-'MM'-'dd'T'HH':'mm':'ss","TimeSeparator":":","UniversalSortableDateTimePattern":"yyyy'-'MM'-'dd HH':'mm':'ss'Z'","YearMonthPattern":"MMMM yyyy","AbbreviatedDayNames":["Sun","Mon","Tue","Wed","Thu","Fri","Sat"],"ShortestDayNames":["Su","Mo","Tu","We","Th","Fr","Sa"],"DayNames":["Sunday","Monday","Tuesday","Wednesday","Thursday","Friday","Saturday"],"AbbreviatedMonthNames":["Jan","Feb","Mar","Apr","May","Jun","Jul","Aug","Sep","Oct","Nov","Dec",""],"MonthNames":["January","February","March","April","May","June","July","August","September","October","November","December",""],"IsReadOnly":true,"NativeCalendarName":"Gregorian Calendar","AbbreviatedMonthGenitiveNames":["Jan","Feb","Mar","Apr","May","Jun","Jul","Aug","Sep","Oct","Nov","Dec",""],"MonthGenitiveNames":["January","February","March","April","May","June","July","August","September","October","November","December",""]},"numberShortForm":{"QuantitySymbols":["K","M","B"],"NumberGroupSize":1000,"ThousandSymbol":"K"},"eras":null}},"timeZonesConfiguration":{},"featureAvailability":{"featureStates":{"VisualStudio.Services.Contribution.EnableOnPremUnsecureBrowsers":false,"VisualStudio.Service.WebPlatform.ClientErrorReporting":false,"Microsoft.VisualStudio.Services.Gallery.Client.UseCdnAssetUri":false,"VisualStudio.Services.WebAccess.SubresourceIntegrity":false,"VisualStudio.Services.IdentityPicker.ReactProfileCard":true}},"appInsightsConfiguration":{"enabled":false,"instrumentationKey":"00000000-0000-0000-0000-000000000000","insightsScriptUrl":null},"diagnostics":{"sessionId":"e7be2d4a-d5db-4345-8ed7-05c348747580","activityId":"e7be2d4a-d5db-4345-8ed7-05c348747580","bundlingEnabled":true,"webPlatformVersion":"M183","serviceVersion":"Dev18.M183.1 (build: AzureDevOps_M183_20210225.1)"},"navigation":{"topMostLevel":"deployment","area":"","currentController":"Signin","currentAction":"Index","routeId":"LegacyWebAccessRoute","routeValues":{"controller":"Signin","action":"Index"}},"globalization":{"explicitTheme":"","theme":"Default","culture":"en-US","timezoneOffset":0,"timeZoneId":"UTC"},"serviceInstanceId":"951917ac-a960-4999-8464-e3f0aa25b381","hubsContext":{},"serviceLocations":{"locations":{"951917ac-a960-4999-8464-e3f0aa25b381":{"Application":"https://spsprodcca1.vssps.visualstudio.com/","Deployment":"https://spsprodcca1.vssps.visualstudio.com/"}}}};</script><script type="text/javascript"> var __cultureInfo = __vssPageContext.microsoftAjaxConfig.cultureInfo;</script>
<script type="text/javascript">if (window.performance && window.performance.mark) { window.performance.mark('startLoadBundleOuter-basejs'); }</script>
<script data-bundlelength="125076" data-bundlename="basejs" src="/_public/_Bundling/Content?bundle=vss-bundle-basejs-v9GpWWBnsWqhM23ijhK2HfAqLowTXGUqZLDRsBCZbkfY=" type="text/javascript"></script>
<script type="text/javascript">if (window.performance && window.performance.mark) { window.performance.mark('endLoadBundleOuter-basejs'); }</script>


<script type="text/javascript"> require.config(__vssPageContext.moduleLoaderConfig);</script>

    <input name="__RequestVerificationToken" type="hidden" value="nDTyr9EOdZllAgNMoNKXu4sja1nDrdoF97YwhIwTjlDmADpVAn0KUXzrS09TXjTAG6l-3yokFSCTDTyvLTC4NKRlHig1" /><input name="__RequestVerificationToken2" type="hidden" value="__RequestVerificationToken2ae8c6d7e-a0be-42a0-8775-19b78cf7f612" />
    
    


    
    
    <div class="account signin main-container hide">


            <div class="page-content">
                <div class="header-section" role="banner">
                    

                    <link rel="stylesheet" type="text/css" href="/_static/tfs/M183_20210225.1/_content/Combined.css">
                    <div id="ux-header" class="FF ltr vsIntegrate" xmlns="http://www.w3.org/1999/xhtml">
                        <span id="isMobile"></span>
                        <div class="upperBand">
                            <div class="upperBandContent">
                                <div class="left"></div>
                                <div class="right">
                                    <div class="profileImage"></div>

                                    <div id="signIn">
                                        <a class=":SignedOutProfileElement: createProfileLink" href="/go/profile" title="Anonymous">Anonymous</a>
                                        <a class="scarabLink" href="/_signout">Sign out</a>
                                    </div>
                                </div>
                                <div class="clear-both"></div>
                            </div>
                        </div>
                    </div>
                </div>
                <div class="content-section" role="main">
                    
    
            <div class="signin-main-content">
                <noscript>
                    <span class="error">Microsoft Internet Explorer&#39;s Enhanced Security Configuration is currently enabled on your environment. This enhanced level of security prevents our web integration experiences from displaying or performing correctly. To continue with your operation please disable this configuration or contact your administrator.</span>
                </noscript>
                <div class="provider-control">                    
                    <script class="options" defer="defer" type="application/json">{"providerOptions":{"force":false,"orgIdAuthUrl":"https://login.microsoftonline.com/53244bbe-ee09-4ab0-9f7f-a4854b23a664/oauth2/authorize?client_id=499b84ac-1321-427f-aa17-267ca6975798\u0026site_id=501454\u0026response_mode=form_post\u0026response_type=code+id_token\u0026redirect_uri=https%3A%2F%2Fspsprodcca1.vssps.visualstudio.com%2F_signedin\u0026nonce=9243739c-4755-49d8-ba75-4c00f10c9ae6\u0026state=realm%3Ddev.azure.com%26reply_to%3Dhttps%253A%252F%252Fdev.azure.com%252F2020Development%252F_apis%252Fwit%252Fworkitems%252F294264%253Fapi-version%253D5.1%26ht%3D2%26hid%3D4a73c326-ffa6-465d-966d-b26921e86c10%26nonce%3D9243739c-4755-49d8-ba75-4c00f10c9ae6\u0026resource=https%3A%2F%2Fmanagement.core.windows.net%2F\u0026cid=9243739c-4755-49d8-ba75-4c00f10c9ae6\u0026wsucxt=1","user":null,"signInContext":"eyJodCI6MiwiaGlkIjoiMGExZGYxMDYtOTEwNS00YmFiLWFkN2ItMWUyYmE5ZjhhN2MzIiwicXMiOnsicmVhbG0iOiJkZXYuYXp1cmUuY29tIiwicmVwbHlfdG8iOiJodHRwczovL2Rldi5henVyZS5jb20vMjAyMERldmVsb3BtZW50L19hcGlzL3dpdC93b3JraXRlbXMvMjk0MjY0P2FwaS12ZXJzaW9uPTUuMSIsImh0IjoiMiIsImhpZCI6IjRhNzNjMzI2LWZmYTYtNDY1ZC05NjZkLWIyNjkyMWU4NmMxMCIsIm5vbmNlIjoiOTI0MzczOWMtNDc1NS00OWQ4LWJhNzUtNGMwMGYxMGM5YWU2In0sInJyIjoiIiwidmgiOiIiLCJjdiI6IiIsImNzIjoiIn01"}}</script>
                </div>
            </div>


                </div>
                 
    
    </div>


    
    

    <script type="text/javascript">if (window.performance && window.performance.mark) { window.performance.mark('startLoadBundleOuter-common'); }</script>
<script data-bundlelength="205400" data-bundlename="common" data-includedscripts="VSS/Bundling" src="/_public/_Bundling/Content?bundle=vss-bundle-common-vfN5xlLRUukkSBg08hZuFahTJyI3PipyUrn9gnunMNlo=" type="text/javascript"></script>
<script type="text/javascript">if (window.performance && window.performance.mark) { window.performance.mark('endLoadBundleOuter-common'); }</script>
<script type="text/javascript">if (window.performance && window.performance.mark) { window.performance.mark('startLoadBundleOuter-view'); }</script>
<script data-bundlelength="157474" data-bundlename="view" data-includedscripts="Authentication/Scripts/SPS.Authentication.Controls;Authentication/Scripts/SPS.Authentication" src="/_public/_Bundling/Content?bundle=vss-bundle-view-vqohsmcMPUiFhKa8xHNsNn0bH4Z0dhpwMPOXdgEdDUHw=" type="text/javascript"></script>
<script type="text/javascript">if (window.performance && window.performance.mark) { window.performance.mark('endLoadBundleOuter-view'); }</script>

<script type="text/javascript"> if (window.performance && window.performance.mark) { window.performance.mark('requireStart'); }
require(["Authentication/Scripts/SPS.Authentication.Controls","Authentication/Scripts/SPS.Authentication"], function(){  if (window.performance && window.performance.mark) { window.performance.mark('requireEnd'); } window.requiredModulesLoaded=true;  });
</script>

</body>
</html>

